Using pre-set license
Built from '2020.3/staging' branch; Version is '2020.3.19f1 (68f137dc9bbe) revision 6877495'; Using compiler version '192528614'; Build Type 'Release'
OS: 'Windows 10 Pro; OS build 19043.1348; Version 2009; 64bit' Language: 'en' Physical Memory: 16309 MB
BatchMode: 1, IsHumanControllingUs: 0, StartBugReporterOnCrash: 0, Is64bit: 1, IsPro: 0

COMMAND LINE ARGUMENTS:
C:\Program Files\Unity\Hub\Editor\2020.3.19f1\Editor\Unity.exe
-adb2
-batchMode
-noUpm
-name
AssetImportWorker0
-projectPath
C:/Users/Albert/Desktop/GitHubgames/10jamproject
-logFile
Logs/AssetImportWorker0.log
-srvPort
50219
Successfully changed project path to: C:/Users/Albert/Desktop/GitHubgames/10jamproject
C:/Users/Albert/Desktop/GitHubgames/10jamproject
Using Asset Import Pipeline V2.
Refreshing native plugins compatible for Editor in 33.15 ms, found 2 plugins.
Preloading 0 native plugins for Editor in 0.00 ms.
Initialize engine version: 2020.3.19f1 (68f137dc9bbe)
[Subsystems] Discovering subsystems at path C:/Program Files/Unity/Hub/Editor/2020.3.19f1/Editor/Data/Resources/UnitySubsystems
[Subsystems] Discovering subsystems at path C:/Users/Albert/Desktop/GitHubgames/10jamproject/Assets
GfxDevice: creating device client; threaded=0
Direct3D:
    Version:  Direct3D 11.0 [level 11.1]
    Renderer: NVIDIA GeForce RTX 2060 (ID=0x1f08)
    Vendor:   
    VRAM:     5980 MB
    Driver:   30.0.14.9676
Initialize mono
Mono path[0] = 'C:/Program Files/Unity/Hub/Editor/2020.3.19f1/Editor/Data/Managed'
Mono path[1] = 'C:/Program Files/Unity/Hub/Editor/2020.3.19f1/Editor/Data/MonoBleedingEdge/lib/mono/unityjit'
Mono config path = 'C:/Program Files/Unity/Hub/Editor/2020.3.19f1/Editor/Data/MonoBleedingEdge/etc'
Using monoOptions --debugger-agent=transport=dt_socket,embedding=1,server=y,suspend=n,address=127.0.0.1:56928
Begin MonoManager ReloadAssembly
Registering precompiled unity dll's ...
Register platform support module: C:/Program Files/Unity/Hub/Editor/2020.3.19f1/Editor/Data/PlaybackEngines/WebGLSupport/UnityEditor.WebGL.Extensions.dll
Register platform support module: C:/Program Files/Unity/Hub/Editor/2020.3.19f1/Editor/Data/PlaybackEngines/MacStandaloneSupport/UnityEditor.OSXStandalone.Extensions.dll
Register platform support module: C:/Program Files/Unity/Hub/Editor/2020.3.19f1/Editor/Data/PlaybackEngines/WindowsStandaloneSupport/UnityEditor.WindowsStandalone.Extensions.dll
Register platform support module: C:/Program Files/Unity/Hub/Editor/2020.3.19f1/Editor/Data/PlaybackEngines/LinuxStandaloneSupport/UnityEditor.LinuxStandalone.Extensions.dll
Registered in 0.002530 seconds.
Native extension for LinuxStandalone target not found
Native extension for WindowsStandalone target not found
Native extension for OSXStandalone target not found
Native extension for WebGL target not found
Refreshing native plugins compatible for Editor in 31.77 ms, found 2 plugins.
Preloading 0 native plugins for Editor in 0.00 ms.
Mono: successfully reloaded assembly
- Completed reload, in  2.046 seconds
Domain Reload Profiling:
	ReloadAssembly (2046ms)
		BeginReloadAssembly (48ms)
			ExecutionOrderSort (0ms)
			DisableScriptedObjects (0ms)
			BackupInstance (0ms)
			ReleaseScriptingObjects (0ms)
			CreateAndSetChildDomain (1ms)
		EndReloadAssembly (357ms)
			LoadAssemblies (47ms)
			RebuildTransferFunctionScriptingTraits (0ms)
			SetupTypeCache (121ms)
			ReleaseScriptCaches (0ms)
			RebuildScriptCaches (32ms)
			SetupLoadedEditorAssemblies (144ms)
				LogAssemblyErrors (0ms)
				InitializePlatformSupportModulesInManaged (6ms)
				SetLoadedEditorAssemblies (0ms)
				RefreshPlugins (32ms)
				BeforeProcessingInitializeOnLoad (14ms)
				ProcessInitializeOnLoadAttributes (68ms)
				ProcessInitializeOnLoadMethodAttributes (23ms)
				AfterProcessingInitializeOnLoad (0ms)
				EditorAssembliesLoaded (0ms)
			ExecutionOrderSort2 (0ms)
			AwakeInstancesAfterBackupRestoration (0ms)
Platform modules already initialized, skipping
Registering precompiled user dll's ...
Registered in 0.002223 seconds.
Begin MonoManager ReloadAssembly
Native extension for LinuxStandalone target not found
Native extension for WindowsStandalone target not found
Native extension for OSXStandalone target not found
Native extension for WebGL target not found
Refreshing native plugins compatible for Editor in 0.52 ms, found 2 plugins.
Preloading 0 native plugins for Editor in 0.00 ms.
Mono: successfully reloaded assembly
- Completed reload, in  0.915 seconds
Domain Reload Profiling:
	ReloadAssembly (916ms)
		BeginReloadAssembly (125ms)
			ExecutionOrderSort (0ms)
			DisableScriptedObjects (4ms)
			BackupInstance (0ms)
			ReleaseScriptingObjects (0ms)
			CreateAndSetChildDomain (15ms)
		EndReloadAssembly (736ms)
			LoadAssemblies (73ms)
			RebuildTransferFunctionScriptingTraits (0ms)
			SetupTypeCache (234ms)
			ReleaseScriptCaches (0ms)
			RebuildScriptCaches (47ms)
			SetupLoadedEditorAssemblies (291ms)
				LogAssemblyErrors (0ms)
				InitializePlatformSupportModulesInManaged (11ms)
				SetLoadedEditorAssemblies (1ms)
				RefreshPlugins (1ms)
				BeforeProcessingInitializeOnLoad (81ms)
				ProcessInitializeOnLoadAttributes (190ms)
				ProcessInitializeOnLoadMethodAttributes (3ms)
				AfterProcessingInitializeOnLoad (5ms)
				EditorAssembliesLoaded (0ms)
			ExecutionOrderSort2 (0ms)
			AwakeInstancesAfterBackupRestoration (6ms)
Platform modules already initialized, skipping
========================================================================
Worker process is ready to serve import requests
Launched and connected shader compiler UnityShaderCompiler.exe after 0.04 seconds
Refreshing native plugins compatible for Editor in 0.35 ms, found 2 plugins.
Preloading 0 native plugins for Editor in 0.00 ms.
Unloading 1750 Unused Serialized files (Serialized files now loaded: 0)
System memory in use before: 104.4 MB.
System memory in use after: 104.5 MB.

Unloading 15 unused Assets to reduce memory usage. Loaded Objects now: 2210.
Total: 2.427500 ms (FindLiveObjects: 0.138100 ms CreateObjectMapping: 0.037800 ms MarkObjects: 2.235400 ms  DeleteObjects: 0.015500 ms)

AssetImportParameters requested are different than current active one (requested -> active):
  custom:framework-win-MediaFoundation: 216162199b28c13a410421893ffa2e32 -> 
  custom:video-decoder-ogg-theora: a1e56fd34408186e4bbccfd4996cb3dc -> 
  custom:container-muxer-webm: aa71ff27fc2769a1b78a27578f13a17b -> 
  custom:container-demuxer-webm: 4f35f7cbe854078d1ac9338744f61a02 -> 
  custom:container-demuxer-ogg: 62fdf1f143b41e24485cea50d1cbac27 -> 
  custom:video-encoder-webm-vp8: eb34c28f22e8b96e1ab97ce403110664 -> 
  custom:video-decoder-webm-vp8: 9c59270c3fd7afecdb556c50c9e8de78 -> 
  custom:audio-decoder-ogg-vorbis: bf7c407c2cedff20999df2af8eb42d56 -> 
  custom:audio-encoder-webm-vorbis: bf7c407c2cedff20999df2af8eb42d56 -> 
========================================================================
Received Import Request.
  path: Assets/Scripts/PlayerMovement.cs
  artifactKey: Guid(11a3d5daae9803740891695771337b79) Importer(815301076,1909f56bfc062723c751e8b465ee728b)
Start importing Assets/Scripts/PlayerMovement.cs using Guid(11a3d5daae9803740891695771337b79) Importer(815301076,1909f56bfc062723c751e8b465ee728b)  -> (artifact id: '3cc1c95814ac0a792ef298b560bb4daf') in 0.023254 seconds 
  Import took 0.025863 seconds .

========================================================================
Received Import Request.
  Time since last request: 121.929492 seconds.
  path: Assets/Scripts/PlayerMovement.cs
  artifactKey: Guid(11a3d5daae9803740891695771337b79) Importer(815301076,1909f56bfc062723c751e8b465ee728b)
Start importing Assets/Scripts/PlayerMovement.cs using Guid(11a3d5daae9803740891695771337b79) Importer(815301076,1909f56bfc062723c751e8b465ee728b)  -> (artifact id: 'b56a38cf2b7cb21cbcccd0f58af798ab') in 0.004597 seconds 
  Import took 0.007356 seconds .

========================================================================
Received Import Request.
  Time since last request: 359.207687 seconds.
  path: Assets/Scripts/PlayerMovement.cs
  artifactKey: Guid(11a3d5daae9803740891695771337b79) Importer(815301076,1909f56bfc062723c751e8b465ee728b)
Start importing Assets/Scripts/PlayerMovement.cs using Guid(11a3d5daae9803740891695771337b79) Importer(815301076,1909f56bfc062723c751e8b465ee728b)  -> (artifact id: 'd9fe9b5ef5b4644820d2fc0db74d1c30') in 0.002249 seconds 
  Import took 0.004776 seconds .

========================================================================
Received Prepare
Registering precompiled user dll's ...
Registered in 0.029270 seconds.
Begin MonoManager ReloadAssembly
Native extension for LinuxStandalone target not found
Native extension for WindowsStandalone target not found
Native extension for OSXStandalone target not found
Native extension for WebGL target not found
Refreshing native plugins compatible for Editor in 0.39 ms, found 2 plugins.
Preloading 0 native plugins for Editor in 0.00 ms.
Mono: successfully reloaded assembly
- Completed reload, in  0.974 seconds
Domain Reload Profiling:
	ReloadAssembly (975ms)
		BeginReloadAssembly (105ms)
			ExecutionOrderSort (0ms)
			DisableScriptedObjects (4ms)
			BackupInstance (0ms)
			ReleaseScriptingObjects (0ms)
			CreateAndSetChildDomain (27ms)
		EndReloadAssembly (817ms)
			LoadAssemblies (72ms)
			RebuildTransferFunctionScriptingTraits (0ms)
			SetupTypeCache (281ms)
			ReleaseScriptCaches (1ms)
			RebuildScriptCaches (40ms)
			SetupLoadedEditorAssemblies (340ms)
				LogAssemblyErrors (0ms)
				InitializePlatformSupportModulesInManaged (8ms)
				SetLoadedEditorAssemblies (0ms)
				RefreshPlugins (0ms)
				BeforeProcessingInitializeOnLoad (77ms)
				ProcessInitializeOnLoadAttributes (246ms)
				ProcessInitializeOnLoadMethodAttributes (3ms)
				AfterProcessingInitializeOnLoad (5ms)
				EditorAssembliesLoaded (0ms)
			ExecutionOrderSort2 (0ms)
			AwakeInstancesAfterBackupRestoration (6ms)
Platform modules already initialized, skipping
Refreshing native plugins compatible for Editor in 0.35 ms, found 2 plugins.
Preloading 0 native plugins for Editor in 0.00 ms.
Unloading 1730 Unused Serialized files (Serialized files now loaded: 0)
System memory in use before: 102.8 MB.
System memory in use after: 102.9 MB.

Unloading 11 unused Assets to reduce memory usage. Loaded Objects now: 2212.
Total: 2.438200 ms (FindLiveObjects: 0.145500 ms CreateObjectMapping: 0.038200 ms MarkObjects: 2.242400 ms  DeleteObjects: 0.011400 ms)

AssetImportParameters requested are different than current active one (requested -> active):
  custom:framework-win-MediaFoundation: 216162199b28c13a410421893ffa2e32 -> 
  custom:video-decoder-ogg-theora: a1e56fd34408186e4bbccfd4996cb3dc -> 
  custom:container-muxer-webm: aa71ff27fc2769a1b78a27578f13a17b -> 
  custom:container-demuxer-webm: 4f35f7cbe854078d1ac9338744f61a02 -> 
  custom:container-demuxer-ogg: 62fdf1f143b41e24485cea50d1cbac27 -> 
  custom:video-encoder-webm-vp8: eb34c28f22e8b96e1ab97ce403110664 -> 
  custom:video-decoder-webm-vp8: 9c59270c3fd7afecdb556c50c9e8de78 -> 
  custom:audio-decoder-ogg-vorbis: bf7c407c2cedff20999df2af8eb42d56 -> 
  custom:audio-encoder-webm-vorbis: bf7c407c2cedff20999df2af8eb42d56 -> 
========================================================================
Received Prepare
Registering precompiled user dll's ...
Registered in 0.002143 seconds.
Begin MonoManager ReloadAssembly
Native extension for LinuxStandalone target not found
Native extension for WindowsStandalone target not found
Native extension for OSXStandalone target not found
Native extension for WebGL target not found
Refreshing native plugins compatible for Editor in 0.36 ms, found 2 plugins.
Preloading 0 native plugins for Editor in 0.00 ms.
Mono: successfully reloaded assembly
- Completed reload, in  0.863 seconds
Domain Reload Profiling:
	ReloadAssembly (864ms)
		BeginReloadAssembly (96ms)
			ExecutionOrderSort (0ms)
			DisableScriptedObjects (4ms)
			BackupInstance (0ms)
			ReleaseScriptingObjects (0ms)
			CreateAndSetChildDomain (27ms)
		EndReloadAssembly (711ms)
			LoadAssemblies (71ms)
			RebuildTransferFunctionScriptingTraits (0ms)
			SetupTypeCache (244ms)
			ReleaseScriptCaches (1ms)
			RebuildScriptCaches (43ms)
			SetupLoadedEditorAssemblies (265ms)
				LogAssemblyErrors (0ms)
				InitializePlatformSupportModulesInManaged (7ms)
				SetLoadedEditorAssemblies (0ms)
				RefreshPlugins (0ms)
				BeforeProcessingInitializeOnLoad (73ms)
				ProcessInitializeOnLoadAttributes (175ms)
				ProcessInitializeOnLoadMethodAttributes (3ms)
				AfterProcessingInitializeOnLoad (5ms)
				EditorAssembliesLoaded (0ms)
			ExecutionOrderSort2 (0ms)
			AwakeInstancesAfterBackupRestoration (6ms)
Platform modules already initialized, skipping
Refreshing native plugins compatible for Editor in 0.36 ms, found 2 plugins.
Preloading 0 native plugins for Editor in 0.00 ms.
Unloading 1732 Unused Serialized files (Serialized files now loaded: 0)
System memory in use before: 102.9 MB.
System memory in use after: 103.0 MB.

Unloading 11 unused Assets to reduce memory usage. Loaded Objects now: 2216.
Total: 2.664700 ms (FindLiveObjects: 0.154800 ms CreateObjectMapping: 0.039100 ms MarkObjects: 2.456500 ms  DeleteObjects: 0.013300 ms)

AssetImportParameters requested are different than current active one (requested -> active):
  custom:framework-win-MediaFoundation: 216162199b28c13a410421893ffa2e32 -> 
  custom:video-decoder-ogg-theora: a1e56fd34408186e4bbccfd4996cb3dc -> 
  custom:container-muxer-webm: aa71ff27fc2769a1b78a27578f13a17b -> 
  custom:container-demuxer-webm: 4f35f7cbe854078d1ac9338744f61a02 -> 
  custom:container-demuxer-ogg: 62fdf1f143b41e24485cea50d1cbac27 -> 
  custom:video-encoder-webm-vp8: eb34c28f22e8b96e1ab97ce403110664 -> 
  custom:video-decoder-webm-vp8: 9c59270c3fd7afecdb556c50c9e8de78 -> 
  custom:audio-decoder-ogg-vorbis: bf7c407c2cedff20999df2af8eb42d56 -> 
  custom:audio-encoder-webm-vorbis: bf7c407c2cedff20999df2af8eb42d56 -> 
========================================================================
Received Import Request.
  Time since last request: 292.181951 seconds.
  path: Assets/Scripts/FirstPersonLook.cs
  artifactKey: Guid(ec72980442fddac4d86e75ab24b4d027) Importer(815301076,1909f56bfc062723c751e8b465ee728b)
Start importing Assets/Scripts/FirstPersonLook.cs using Guid(ec72980442fddac4d86e75ab24b4d027) Importer(815301076,1909f56bfc062723c751e8b465ee728b)  -> (artifact id: '9a549b1bfed19b434886998ffa5ead94') in 0.007319 seconds 
  Import took 0.009933 seconds .

========================================================================
Received Import Request.
  Time since last request: 622.165667 seconds.
  path: Assets/Plugins/Wolf3D/RPM Avatar Pack/Models
  artifactKey: Guid(939135b746000d442acfe31498f9b03e) Importer(815301076,1909f56bfc062723c751e8b465ee728b)
Start importing Assets/Plugins/Wolf3D/RPM Avatar Pack/Models using Guid(939135b746000d442acfe31498f9b03e) Importer(815301076,1909f56bfc062723c751e8b465ee728b)  -> (artifact id: '93a172f74f8db2ee11520533068e6f2c') in 0.005609 seconds 
  Import took 0.008227 seconds .

========================================================================
Received Import Request.
  Time since last request: 1.354094 seconds.
  path: Assets/Plugins/Wolf3D/RPM Avatar Pack/Models/FBX
  artifactKey: Guid(71f993a7d2584f640819734a788b56e2) Importer(815301076,1909f56bfc062723c751e8b465ee728b)
Start importing Assets/Plugins/Wolf3D/RPM Avatar Pack/Models/FBX using Guid(71f993a7d2584f640819734a788b56e2) Importer(815301076,1909f56bfc062723c751e8b465ee728b)  -> (artifact id: '201264871380a5cc728fea4e4e879263') in 0.005607 seconds 
  Import took 0.008032 seconds .

========================================================================
Received Import Request.
  Time since last request: 1.064045 seconds.
  path: Assets/Plugins/Wolf3D/RPM Avatar Pack/Models/FBX/Male
  artifactKey: Guid(f098a1dfb828ca94ab7f1dfbc8a03323) Importer(815301076,1909f56bfc062723c751e8b465ee728b)
Start importing Assets/Plugins/Wolf3D/RPM Avatar Pack/Models/FBX/Male using Guid(f098a1dfb828ca94ab7f1dfbc8a03323) Importer(815301076,1909f56bfc062723c751e8b465ee728b)  -> (artifact id: 'a21ba7cf7761fdbd2b5dc6d97e34b4cf') in 0.006472 seconds 
  Import took 0.008979 seconds .

========================================================================
Received Import Request.
  Time since last request: 0.896113 seconds.
  path: Assets/Plugins/Wolf3D/RPM Avatar Pack/Models/FBX/Male/Male_01
  artifactKey: Guid(8331ccc24a97385448e03f881b3606bd) Importer(815301076,1909f56bfc062723c751e8b465ee728b)
Start importing Assets/Plugins/Wolf3D/RPM Avatar Pack/Models/FBX/Male/Male_01 using Guid(8331ccc24a97385448e03f881b3606bd) Importer(815301076,1909f56bfc062723c751e8b465ee728b)  -> (artifact id: '6a9e447bcb7dcbda71f52d2832440b8e') in 0.006226 seconds 
  Import took 0.008629 seconds .

========================================================================
Received Import Request.
  Time since last request: 1.238429 seconds.
  path: Assets/Plugins/Wolf3D/RPM Avatar Pack/Models/FBX/Male/Male_01/V01
  artifactKey: Guid(adf7bcc7732073c4688fadfb98a1af2b) Importer(815301076,1909f56bfc062723c751e8b465ee728b)
Start importing Assets/Plugins/Wolf3D/RPM Avatar Pack/Models/FBX/Male/Male_01/V01 using Guid(adf7bcc7732073c4688fadfb98a1af2b) Importer(815301076,1909f56bfc062723c751e8b465ee728b)  -> (artifact id: '5a71c2d9e16794dd1085ddaf13083cef') in 0.005445 seconds 
  Import took 0.007810 seconds .

========================================================================
Received Import Request.
  Time since last request: 0.112995 seconds.
  path: Assets/Plugins/Wolf3D/RPM Avatar Pack/Models/FBX/Male/Male_01/V01/Male_01_V01.fbx
  artifactKey: Guid(cb5c9cedca12e1a4aa282ae7b53f42ab) Importer(815301076,1909f56bfc062723c751e8b465ee728b)
Start importing Assets/Plugins/Wolf3D/RPM Avatar Pack/Models/FBX/Male/Male_01/V01/Male_01_V01.fbx using Guid(cb5c9cedca12e1a4aa282ae7b53f42ab) Importer(815301076,1909f56bfc062723c751e8b465ee728b)  -> (artifact id: '1d733ea1ed1bb7f8b3fa45d6293b7149') in 0.314536 seconds 
  Import took 0.318048 seconds .

========================================================================
Received Import Request.
  Time since last request: 3.015895 seconds.
  path: Assets/Plugins/Wolf3D/RPM Avatar Pack/Models/FBX/Male/Male_01/V02/Male_01_V02.fbx
  artifactKey: Guid(4296f97cc40b64240b45dee0e13ef0f3) Importer(815301076,1909f56bfc062723c751e8b465ee728b)
Start importing Assets/Plugins/Wolf3D/RPM Avatar Pack/Models/FBX/Male/Male_01/V02/Male_01_V02.fbx using Guid(4296f97cc40b64240b45dee0e13ef0f3) Importer(815301076,1909f56bfc062723c751e8b465ee728b)  -> (artifact id: 'c5f1eeef16b68f32c9cd073f978701af') in 0.145971 seconds 
  Import took 0.149310 seconds .

========================================================================
Received Import Request.
  Time since last request: 369.028079 seconds.
  path: Assets/Plugins/Wolf3D/RPM Avatar Pack/Models/FBX/Male/Male_01/V01/avatar2png.png
  artifactKey: Guid(6365b7afdc6c48942a0d3cda9be1e42c) Importer(815301076,1909f56bfc062723c751e8b465ee728b)
Start importing Assets/Plugins/Wolf3D/RPM Avatar Pack/Models/FBX/Male/Male_01/V01/avatar2png.png using Guid(6365b7afdc6c48942a0d3cda9be1e42c) Importer(815301076,1909f56bfc062723c751e8b465ee728b)  -> (artifact id: '27e356f9e6fc70d23200793053892889') in 0.029105 seconds 
  Import took 0.031765 seconds .

========================================================================
Received Import Request.
  Time since last request: 10.078130 seconds.
  path: Assets/avatar2png.png
  artifactKey: Guid(6365b7afdc6c48942a0d3cda9be1e42c) Importer(815301076,1909f56bfc062723c751e8b465ee728b)
Start importing Assets/avatar2png.png using Guid(6365b7afdc6c48942a0d3cda9be1e42c) Importer(815301076,1909f56bfc062723c751e8b465ee728b)  -> (artifact id: 'dd14dadc7f86a85635a965b4b4cb5c06') in 0.029567 seconds 
  Import took 0.032268 seconds .

========================================================================
Received Prepare
Registering precompiled user dll's ...
Registered in 0.002220 seconds.
Begin MonoManager ReloadAssembly
Native extension for LinuxStandalone target not found
Native extension for WindowsStandalone target not found
Native extension for OSXStandalone target not found
Native extension for WebGL target not found
Refreshing native plugins compatible for Editor in 0.34 ms, found 2 plugins.
Preloading 0 native plugins for Editor in 0.00 ms.
Mono: successfully reloaded assembly
- Completed reload, in  0.813 seconds
Domain Reload Profiling:
	ReloadAssembly (813ms)
		BeginReloadAssembly (93ms)
			ExecutionOrderSort (0ms)
			DisableScriptedObjects (4ms)
			BackupInstance (0ms)
			ReleaseScriptingObjects (0ms)
			CreateAndSetChildDomain (28ms)
		EndReloadAssembly (667ms)
			LoadAssemblies (68ms)
			RebuildTransferFunctionScriptingTraits (0ms)
			SetupTypeCache (217ms)
			ReleaseScriptCaches (1ms)
			RebuildScriptCaches (40ms)
			SetupLoadedEditorAssemblies (261ms)
				LogAssemblyErrors (0ms)
				InitializePlatformSupportModulesInManaged (7ms)
				SetLoadedEditorAssemblies (0ms)
				RefreshPlugins (0ms)
				BeforeProcessingInitializeOnLoad (71ms)
				ProcessInitializeOnLoadAttributes (174ms)
				ProcessInitializeOnLoadMethodAttributes (3ms)
				AfterProcessingInitializeOnLoad (5ms)
				EditorAssembliesLoaded (0ms)
			ExecutionOrderSort2 (0ms)
			AwakeInstancesAfterBackupRestoration (6ms)
Platform modules already initialized, skipping
Refreshing native plugins compatible for Editor in 0.34 ms, found 2 plugins.
Preloading 0 native plugins for Editor in 0.00 ms.
Unloading 1732 Unused Serialized files (Serialized files now loaded: 0)
System memory in use before: 119.9 MB.
System memory in use after: 120.0 MB.

Unloading 11 unused Assets to reduce memory usage. Loaded Objects now: 2233.
Total: 2.457200 ms (FindLiveObjects: 0.152100 ms CreateObjectMapping: 0.038200 ms MarkObjects: 2.254400 ms  DeleteObjects: 0.011500 ms)

AssetImportParameters requested are different than current active one (requested -> active):
  custom:framework-win-MediaFoundation: 216162199b28c13a410421893ffa2e32 -> 
  custom:video-decoder-ogg-theora: a1e56fd34408186e4bbccfd4996cb3dc -> 
  custom:container-muxer-webm: aa71ff27fc2769a1b78a27578f13a17b -> 
  custom:container-demuxer-webm: 4f35f7cbe854078d1ac9338744f61a02 -> 
  custom:container-demuxer-ogg: 62fdf1f143b41e24485cea50d1cbac27 -> 
  custom:video-encoder-webm-vp8: eb34c28f22e8b96e1ab97ce403110664 -> 
  custom:video-decoder-webm-vp8: 9c59270c3fd7afecdb556c50c9e8de78 -> 
  custom:audio-decoder-ogg-vorbis: bf7c407c2cedff20999df2af8eb42d56 -> 
  custom:audio-encoder-webm-vorbis: bf7c407c2cedff20999df2af8eb42d56 -> 
========================================================================
Received Prepare
Registering precompiled user dll's ...
Registered in 0.002123 seconds.
Begin MonoManager ReloadAssembly
Native extension for LinuxStandalone target not found
Native extension for WindowsStandalone target not found
Native extension for OSXStandalone target not found
Native extension for WebGL target not found
Refreshing native plugins compatible for Editor in 0.34 ms, found 2 plugins.
Preloading 0 native plugins for Editor in 0.00 ms.
Mono: successfully reloaded assembly
- Completed reload, in  0.832 seconds
Domain Reload Profiling:
	ReloadAssembly (833ms)
		BeginReloadAssembly (101ms)
			ExecutionOrderSort (0ms)
			DisableScriptedObjects (4ms)
			BackupInstance (0ms)
			ReleaseScriptingObjects (0ms)
			CreateAndSetChildDomain (26ms)
		EndReloadAssembly (679ms)
			LoadAssemblies (69ms)
			RebuildTransferFunctionScriptingTraits (0ms)
			SetupTypeCache (217ms)
			ReleaseScriptCaches (1ms)
			RebuildScriptCaches (40ms)
			SetupLoadedEditorAssemblies (269ms)
				LogAssemblyErrors (0ms)
				InitializePlatformSupportModulesInManaged (7ms)
				SetLoadedEditorAssemblies (0ms)
				RefreshPlugins (0ms)
				BeforeProcessingInitializeOnLoad (71ms)
				ProcessInitializeOnLoadAttributes (182ms)
				ProcessInitializeOnLoadMethodAttributes (3ms)
				AfterProcessingInitializeOnLoad (5ms)
				EditorAssembliesLoaded (0ms)
			ExecutionOrderSort2 (0ms)
			AwakeInstancesAfterBackupRestoration (6ms)
Platform modules already initialized, skipping
Refreshing native plugins compatible for Editor in 0.33 ms, found 2 plugins.
Preloading 0 native plugins for Editor in 0.00 ms.
Unloading 1732 Unused Serialized files (Serialized files now loaded: 0)
System memory in use before: 119.9 MB.
System memory in use after: 120.1 MB.

Unloading 11 unused Assets to reduce memory usage. Loaded Objects now: 2235.
Total: 2.521300 ms (FindLiveObjects: 0.163300 ms CreateObjectMapping: 0.039900 ms MarkObjects: 2.305000 ms  DeleteObjects: 0.012300 ms)

AssetImportParameters requested are different than current active one (requested -> active):
  custom:framework-win-MediaFoundation: 216162199b28c13a410421893ffa2e32 -> 
  custom:video-decoder-ogg-theora: a1e56fd34408186e4bbccfd4996cb3dc -> 
  custom:container-muxer-webm: aa71ff27fc2769a1b78a27578f13a17b -> 
  custom:container-demuxer-webm: 4f35f7cbe854078d1ac9338744f61a02 -> 
  custom:container-demuxer-ogg: 62fdf1f143b41e24485cea50d1cbac27 -> 
  custom:video-encoder-webm-vp8: eb34c28f22e8b96e1ab97ce403110664 -> 
  custom:video-decoder-webm-vp8: 9c59270c3fd7afecdb556c50c9e8de78 -> 
  custom:audio-decoder-ogg-vorbis: bf7c407c2cedff20999df2af8eb42d56 -> 
  custom:audio-encoder-webm-vorbis: bf7c407c2cedff20999df2af8eb42d56 -> 
